Grammar

    0 $accept: program $end

    1 program: program term
    2        | term

    3 term: OP
    4     | MIN
    5     | MAX
    6     | DIVASS
    7     | MULASS
    8     | SUBASS
    9     | ADDASS
   10     | DEC
   11     | INC
   12     | EQ
   13     | NEQ
   14     | GEQ
   15     | LEQ
   16     | NOT
   17     | OR
   18     | AND
   19     | BREAK
   20     | BY
   21     | TO
   22     | DO
   23     | WHILE
   24     | FOR
   25     | IF
   26     | THEN
   27     | ELSE
   28     | INT
   29     | BOOL
   30     | CHAR
   31     | STATIC
   32     | RETURN
   33     | PRECOMPILER
   34     | BOOLCONST
   35     | CHARCONST
   36     | STRINGCONST
   37     | NUMCONST
   38     | ID
   39     | ERROR


Terminals, with rules where they appear

$end (0) 0
error (256)
OP (258) 3
MAX (259) 5
MIN (260) 4
ADDASS (261) 9
SUBASS (262) 8
MULASS (263) 7
DIVASS (264) 6
INC (265) 11
DEC (266) 10
EQ (267) 12
NEQ (268) 13
GEQ (269) 14
LEQ (270) 15
AND (271) 18
OR (272) 17
NOT (273) 16
BREAK (274) 19
FOR (275) 24
WHILE (276) 23
DO (277) 22
TO (278) 21
BY (279) 20
IF (280) 25
THEN (281) 26
ELSE (282) 27
INT (283) 28
BOOL (284) 29
CHAR (285) 30
STATIC (286) 31
RETURN (287) 32
PRECOMPILER (288) 33
ID (289) 38
BOOLCONST (290) 34
NUMCONST (291) 37
CHARCONST (292) 35
STRINGCONST (293) 36
ERROR (294) 39


Nonterminals, with rules where they appear

$accept (40)
    on left: 0
program (41)
    on left: 1 2, on right: 0 1
term (42)
    on left: 3 4 5 6 7 8 9 10 11 12 13 14 15 16 17 18 19 20 21 22 23
    24 25 26 27 28 29 30 31 32 33 34 35 36 37 38 39, on right: 1 2


State 0

    0 $accept: . program $end

    OP           shift, and go to state 1
    MAX          shift, and go to state 2
    MIN          shift, and go to state 3
    ADDASS       shift, and go to state 4
    SUBASS       shift, and go to state 5
    MULASS       shift, and go to state 6
    DIVASS       shift, and go to state 7
    INC          shift, and go to state 8
    DEC          shift, and go to state 9
    EQ           shift, and go to state 10
    NEQ          shift, and go to state 11
    GEQ          shift, and go to state 12
    LEQ          shift, and go to state 13
    AND          shift, and go to state 14
    OR           shift, and go to state 15
    NOT          shift, and go to state 16
    BREAK        shift, and go to state 17
    FOR          shift, and go to state 18
    WHILE        shift, and go to state 19
    DO           shift, and go to state 20
    TO           shift, and go to state 21
    BY           shift, and go to state 22
    IF           shift, and go to state 23
    THEN         shift, and go to state 24
    ELSE         shift, and go to state 25
    INT          shift, and go to state 26
    BOOL         shift, and go to state 27
    CHAR         shift, and go to state 28
    STATIC       shift, and go to state 29
    RETURN       shift, and go to state 30
    PRECOMPILER  shift, and go to state 31
    ID           shift, and go to state 32
    BOOLCONST    shift, and go to state 33
    NUMCONST     shift, and go to state 34
    CHARCONST    shift, and go to state 35
    STRINGCONST  shift, and go to state 36
    ERROR        shift, and go to state 37

    program  go to state 38
    term     go to state 39


State 1

    3 term: OP .

    $default  reduce using rule 3 (term)


State 2

    5 term: MAX .

    $default  reduce using rule 5 (term)


State 3

    4 term: MIN .

    $default  reduce using rule 4 (term)


State 4

    9 term: ADDASS .

    $default  reduce using rule 9 (term)


State 5

    8 term: SUBASS .

    $default  reduce using rule 8 (term)


State 6

    7 term: MULASS .

    $default  reduce using rule 7 (term)


State 7

    6 term: DIVASS .

    $default  reduce using rule 6 (term)


State 8

   11 term: INC .

    $default  reduce using rule 11 (term)


State 9

   10 term: DEC .

    $default  reduce using rule 10 (term)


State 10

   12 term: EQ .

    $default  reduce using rule 12 (term)


State 11

   13 term: NEQ .

    $default  reduce using rule 13 (term)


State 12

   14 term: GEQ .

    $default  reduce using rule 14 (term)


State 13

   15 term: LEQ .

    $default  reduce using rule 15 (term)


State 14

   18 term: AND .

    $default  reduce using rule 18 (term)


State 15

   17 term: OR .

    $default  reduce using rule 17 (term)


State 16

   16 term: NOT .

    $default  reduce using rule 16 (term)


State 17

   19 term: BREAK .

    $default  reduce using rule 19 (term)


State 18

   24 term: FOR .

    $default  reduce using rule 24 (term)


State 19

   23 term: WHILE .

    $default  reduce using rule 23 (term)


State 20

   22 term: DO .

    $default  reduce using rule 22 (term)


State 21

   21 term: TO .

    $default  reduce using rule 21 (term)


State 22

   20 term: BY .

    $default  reduce using rule 20 (term)


State 23

   25 term: IF .

    $default  reduce using rule 25 (term)


State 24

   26 term: THEN .

    $default  reduce using rule 26 (term)


State 25

   27 term: ELSE .

    $default  reduce using rule 27 (term)


State 26

   28 term: INT .

    $default  reduce using rule 28 (term)


State 27

   29 term: BOOL .

    $default  reduce using rule 29 (term)


State 28

   30 term: CHAR .

    $default  reduce using rule 30 (term)


State 29

   31 term: STATIC .

    $default  reduce using rule 31 (term)


State 30

   32 term: RETURN .

    $default  reduce using rule 32 (term)


State 31

   33 term: PRECOMPILER .

    $default  reduce using rule 33 (term)


State 32

   38 term: ID .

    $default  reduce using rule 38 (term)


State 33

   34 term: BOOLCONST .

    $default  reduce using rule 34 (term)


State 34

   37 term: NUMCONST .

    $default  reduce using rule 37 (term)


State 35

   35 term: CHARCONST .

    $default  reduce using rule 35 (term)


State 36

   36 term: STRINGCONST .

    $default  reduce using rule 36 (term)


State 37

   39 term: ERROR .

    $default  reduce using rule 39 (term)


State 38

    0 $accept: program . $end
    1 program: program . term

    $end         shift, and go to state 40
    OP           shift, and go to state 1
    MAX          shift, and go to state 2
    MIN          shift, and go to state 3
    ADDASS       shift, and go to state 4
    SUBASS       shift, and go to state 5
    MULASS       shift, and go to state 6
    DIVASS       shift, and go to state 7
    INC          shift, and go to state 8
    DEC          shift, and go to state 9
    EQ           shift, and go to state 10
    NEQ          shift, and go to state 11
    GEQ          shift, and go to state 12
    LEQ          shift, and go to state 13
    AND          shift, and go to state 14
    OR           shift, and go to state 15
    NOT          shift, and go to state 16
    BREAK        shift, and go to state 17
    FOR          shift, and go to state 18
    WHILE        shift, and go to state 19
    DO           shift, and go to state 20
    TO           shift, and go to state 21
    BY           shift, and go to state 22
    IF           shift, and go to state 23
    THEN         shift, and go to state 24
    ELSE         shift, and go to state 25
    INT          shift, and go to state 26
    BOOL         shift, and go to state 27
    CHAR         shift, and go to state 28
    STATIC       shift, and go to state 29
    RETURN       shift, and go to state 30
    PRECOMPILER  shift, and go to state 31
    ID           shift, and go to state 32
    BOOLCONST    shift, and go to state 33
    NUMCONST     shift, and go to state 34
    CHARCONST    shift, and go to state 35
    STRINGCONST  shift, and go to state 36
    ERROR        shift, and go to state 37

    term  go to state 41


State 39

    2 program: term .

    $default  reduce using rule 2 (program)


State 40

    0 $accept: program $end .

    $default  accept


State 41

    1 program: program term .

    $default  reduce using rule 1 (program)
